<?xml version="1.0" encoding="UTF-8"?>
<testsuite xmlns:xsi="http://www.w3.org/2001/XMLSchema-instance" xsi:noNamespaceSchemaLocation="https://maven.apache.org/surefire/maven-surefire-plugin/xsd/surefire-test-report-3.0.xsd" version="3.0" name="csc180.roeback.lia.AppTest" time="0.058" tests="18" errors="0" skipped="0" failures="0">
  <properties>
[...]
</properties>
  <testcase name="shouldAnswerWithTrue0" classname="csc180.roeback.lia.AppTest" time="0.018">
    <system-out><![CDATA[Phone Number has been set to : 111-111-1111
]]></system-out>
  </testcase>
  <testcase name="shouldAnswerWithTrue1" classname="csc180.roeback.lia.AppTest" time="0.001">
    <system-out><![CDATA[Name has been set to : John Milks Booth
]]></system-out>
  </testcase>
  <testcase name="shouldAnswerWithTrue2" classname="csc180.roeback.lia.AppTest" time="0.001">
    <system-out><![CDATA[Name has been set to : John Booth
]]></system-out>
  </testcase>
  <testcase name="shouldAnswerWithFalse0" classname="csc180.roeback.lia.AppTest" time="0.001">
    <system-out><![CDATA[Invalid Phone Number
]]></system-out>
  </testcase>
  <testcase name="shouldAnswerWithFalse1" classname="csc180.roeback.lia.AppTest" time="0.0">
    <system-out><![CDATA[Invalid Phone Number
]]></system-out>
  </testcase>
  <testcase name="shouldAnswerWithFalse2" classname="csc180.roeback.lia.AppTest" time="0.0">
    <system-out><![CDATA[Invalid Phone Number
Invalid Phone Number
Invalid Phone Number
]]></system-out>
  </testcase>
  <testcase name="shouldAnswerWithFalse3" classname="csc180.roeback.lia.AppTest" time="0.001">
    <system-out><![CDATA[Invalid Phone Number
]]></system-out>
  </testcase>
  <testcase name="shouldAnswerWithFalse4" classname="csc180.roeback.lia.AppTest" time="0.001">
    <system-out><![CDATA[Invalid Phone Number
]]></system-out>
  </testcase>
  <testcase name="shouldAnswerWithFalse5" classname="csc180.roeback.lia.AppTest" time="0.001">
    <system-out><![CDATA[Invalid Name
]]></system-out>
  </testcase>
  <testcase name="shouldAnswerWithFalse8" classname="csc180.roeback.lia.AppTest" time="0.001">
    <system-out><![CDATA[Invalid Name
]]></system-out>
  </testcase>
  <testcase name="shouldAnswerWithFalse9" classname="csc180.roeback.lia.AppTest" time="0.0">
    <system-out><![CDATA[Invalid Name
]]></system-out>
  </testcase>
  <testcase name="shouldAnswerWithFalseA" classname="csc180.roeback.lia.AppTest" time="0.0">
    <system-out><![CDATA[Invalid Name
]]></system-out>
  </testcase>
  <testcase name="shouldAnswerWithFalseA1" classname="csc180.roeback.lia.AppTest" time="0.001">
    <system-out><![CDATA[Invalid Name
]]></system-out>
  </testcase>
  <testcase name="shouldAnswerWithFalseA2" classname="csc180.roeback.lia.AppTest" time="0.001">
    <system-out><![CDATA[Invalid Name
]]></system-out>
  </testcase>
  <testcase name="shouldAnswerWithFalseA3" classname="csc180.roeback.lia.AppTest" time="0.0">
    <system-out><![CDATA[Invalid Name
]]></system-out>
  </testcase>
  <testcase name="shouldAnswerWithFalseA4" classname="csc180.roeback.lia.AppTest" time="0.0">
    <system-out><![CDATA[Invalid Name
]]></system-out>
  </testcase>
  <testcase name="shouldAnswerWithFalseA5" classname="csc180.roeback.lia.AppTest" time="0.0">
    <system-out><![CDATA[Invalid Name
]]></system-out>
  </testcase>
  <testcase name="shouldAnswerWithFalseA6" classname="csc180.roeback.lia.AppTest" time="0.001">
    <system-out><![CDATA[Invalid Name
]]></system-out>
  </testcase>
</testsuite>